== DEBUG == randomize(float*, int) 
0.48 0.25 0.58 0.81 0.18 0.28 0.59 0.40 0.32 0.19 0.73 0.78 0.36 0.22 0.84 0.95 0.28 0.06 0.74 0.02 
== DEUBG == ref[0]=8242.19	m[0]=8242.19
== DEUBG == ref[1]=8249.86	m[1]=8249.86
== DEUBG == ref[2]=8234.16	m[2]=8234.16
== DEUBG == ref[3]=8141.65	m[3]=8141.65
== DEUBG == ref[4]=8178.13	m[4]=8178.12
above error
== DEUBG == ref[5]=8199.40	m[5]=8199.39
== DEUBG == ref[6]=8231.22	m[6]=8231.22
== DEUBG == ref[7]=8187.32	m[7]=8187.33
== DEUBG == ref[8]=8221.94	m[8]=8221.91
above error
== DEUBG == ref[9]=8229.91	m[9]=8229.90
above error
== DEUBG == ref[10]=8228.65	m[10]=8228.67
== DEUBG == ref[11]=8232.17	m[11]=8232.16
== DEUBG == ref[12]=8159.22	m[12]=8159.23
== DEUBG == ref[13]=8241.03	m[13]=8241.04
== DEUBG == ref[14]=8139.70	m[14]=8139.68
above error
== DEUBG == ref[15]=8189.91	m[15]=8189.92
== DEUBG == ref[16]=8207.58	m[16]=8207.59
== DEUBG == ref[17]=8161.21	m[17]=8161.21
== DEUBG == ref[18]=8157.84	m[18]=8157.83
== DEUBG == ref[19]=8145.19	m[19]=8145.18
above error
== DEUBG == ref[20]=8237.84	m[20]=8237.83
== DEUBG == ref[21]=8209.94	m[21]=8209.94
== DEUBG == ref[22]=8147.87	m[22]=8147.85
above error
== DEUBG == ref[23]=8231.98	m[23]=8231.99
== DEUBG == ref[24]=8148.16	m[24]=8148.17
== DEUBG == ref[25]=8170.76	m[25]=8170.76
== DEUBG == ref[26]=8250.56	m[26]=8250.55
above error
== DEUBG == ref[27]=8166.41	m[27]=8166.40
above error
== DEUBG == ref[28]=8137.89	m[28]=8137.89
== DEUBG == ref[29]=8158.77	m[29]=8158.76
== DEUBG == ref[30]=8178.08	m[30]=8178.09
== DEUBG == ref[31]=8153.16	m[31]=8153.15
== DEUBG == ref[32]=8209.96	m[32]=8209.95
above error
== DEUBG == ref[33]=8193.70	m[33]=8193.68
above error
== DEUBG == ref[34]=8187.98	m[34]=8187.96
above error
== DEUBG == ref[35]=8156.78	m[35]=8156.77
== DEUBG == ref[36]=8158.76	m[36]=8158.74
above error
== DEUBG == ref[37]=8144.75	m[37]=8144.75
== DEUBG == ref[38]=8204.25	m[38]=8204.26
== DEUBG == ref[39]=8165.84	m[39]=8165.85
== DEUBG == ref[40]=8153.08	m[40]=8153.08
== DEUBG == ref[41]=8235.99	m[41]=8235.99
== DEUBG == ref[42]=8249.64	m[42]=8249.65
== DEUBG == ref[43]=8262.23	m[43]=8262.22
above error
== DEUBG == ref[44]=8180.68	m[44]=8180.67
== DEUBG == ref[45]=8170.54	m[45]=8170.52
above error
== DEUBG == ref[46]=8199.63	m[46]=8199.63
== DEUBG == ref[47]=8218.45	m[47]=8218.46
== DEUBG == ref[48]=8155.89	m[48]=8155.90
== DEUBG == ref[49]=8158.70	m[49]=8158.72
== DEUBG == ref[50]=8196.92	m[50]=8196.92
== DEUBG == ref[51]=8215.81	m[51]=8215.80
above error
== DEUBG == ref[52]=8224.47	m[52]=8224.47
== DEUBG == ref[53]=8250.05	m[53]=8250.06
== DEUBG == ref[54]=8177.88	m[54]=8177.90
== DEUBG == ref[55]=8204.99	m[55]=8204.99
== DEUBG == ref[56]=8230.50	m[56]=8230.53
== DEUBG == ref[57]=8197.67	m[57]=8197.69
== DEUBG == ref[58]=8185.80	m[58]=8185.81
== DEUBG == ref[59]=8190.46	m[59]=8190.46
== DEUBG == ref[60]=8136.88	m[60]=8136.89
== DEUBG == ref[61]=8165.03	m[61]=8165.04
== DEUBG == ref[62]=8229.89	m[62]=8229.90
== DEUBG == ref[63]=8177.16	m[63]=8177.15
== DEUBG == ref[64]=8129.18	m[64]=8129.17
above error
== DEUBG == ref[65]=8225.30	m[65]=8225.32
== DEUBG == ref[66]=8209.70	m[66]=8209.70
== DEUBG == ref[67]=8177.25	m[67]=8177.24
== DEUBG == ref[68]=8192.75	m[68]=8192.76
== DEUBG == ref[69]=8198.46	m[69]=8198.47
== DEUBG == ref[70]=8215.68	m[70]=8215.67
above error
== DEUBG == ref[71]=8253.02	m[71]=8253.03
== DEUBG == ref[72]=8181.14	m[72]=8181.13
above error
== DEUBG == ref[73]=8245.96	m[73]=8245.97
== DEUBG == ref[74]=8185.60	m[74]=8185.60
== DEUBG == ref[75]=8214.62	m[75]=8214.61
== DEUBG == ref[76]=8132.31	m[76]=8132.31
== DEUBG == ref[77]=8172.80	m[77]=8172.82
== DEUBG == ref[78]=8196.60	m[78]=8196.57
above error
== DEUBG == ref[79]=8224.01	m[79]=8224.03
== DEUBG == ref[80]=8170.24	m[80]=8170.24
== DEUBG == ref[81]=8227.73	m[81]=8227.74
== DEUBG == ref[82]=8238.68	m[82]=8238.67
above error
== DEUBG == ref[83]=8169.26	m[83]=8169.28
== DEUBG == ref[84]=8243.20	m[84]=8243.21
== DEUBG == ref[85]=8147.66	m[85]=8147.65
== DEUBG == ref[86]=8178.88	m[86]=8178.87
== DEUBG == ref[87]=8105.97	m[87]=8105.99
== DEUBG == ref[88]=8168.81	m[88]=8168.83
== DEUBG == ref[89]=8171.48	m[89]=8171.49
== DEUBG == ref[90]=8168.81	m[90]=8168.85
== DEUBG == ref[91]=8223.79	m[91]=8223.78
above error
== DEUBG == ref[92]=8197.55	m[92]=8197.55
== DEUBG == ref[93]=8179.49	m[93]=8179.49
== DEUBG == ref[94]=8272.39	m[94]=8272.38
== DEUBG == ref[95]=8160.01	m[95]=8160.02
== DEUBG == ref[96]=8252.94	m[96]=8252.94
== DEUBG == ref[97]=8146.68	m[97]=8146.66
above error
== DEUBG == ref[98]=8184.62	m[98]=8184.60
above error
== DEUBG == ref[99]=8250.86	m[99]=8250.86
== DEUBG == ref[100]=8232.99	m[100]=8233.01
== DEUBG == ref[101]=8215.25	m[101]=8215.25
== DEUBG == ref[102]=8187.17	m[102]=8187.17
== DEUBG == ref[103]=8177.64	m[103]=8177.63
== DEUBG == ref[104]=8274.68	m[104]=8274.68
== DEUBG == ref[105]=8148.05	m[105]=8148.08
== DEUBG == ref[106]=8185.34	m[106]=8185.33
above error
== DEUBG == ref[107]=8202.94	m[107]=8202.95
== DEUBG == ref[108]=8206.19	m[108]=8206.18
above error
== DEUBG == ref[109]=8255.05	m[109]=8255.06
== DEUBG == ref[110]=8193.39	m[110]=8193.39
== DEUBG == ref[111]=8200.23	m[111]=8200.24
== DEUBG == ref[112]=8161.77	m[112]=8161.78
== DEUBG == ref[113]=8194.86	m[113]=8194.88
== DEUBG == ref[114]=8217.13	m[114]=8217.12
above error
== DEUBG == ref[115]=8222.60	m[115]=8222.60
== DEUBG == ref[116]=8233.46	m[116]=8233.46
== DEUBG == ref[117]=8257.95	m[117]=8257.94
== DEUBG == ref[118]=8197.87	m[118]=8197.88
== DEUBG == ref[119]=8261.84	m[119]=8261.81
above error
== DEUBG == ref[120]=8150.71	m[120]=8150.72
== DEUBG == ref[121]=8220.40	m[121]=8220.38
above error
== DEUBG == ref[122]=8124.02	m[122]=8124.02
== DEUBG == ref[123]=8116.35	m[123]=8116.33
above error
== DEUBG == ref[124]=8170.91	m[124]=8170.93
== DEUBG == ref[125]=8238.25	m[125]=8238.26
== DEUBG == ref[126]=8206.28	m[126]=8206.29
== DEUBG == ref[127]=8246.24	m[127]=8246.25
== DEUBG == ref[128]=8166.10	m[128]=8166.11
== DEUBG == ref[129]=8190.90	m[129]=8190.90
== DEUBG == ref[130]=8158.06	m[130]=8158.04
above error
== DEUBG == ref[131]=8160.02	m[131]=8159.98
above error
== DEUBG == ref[132]=8131.40	m[132]=8131.40
== DEUBG == ref[133]=8162.42	m[133]=8162.40
above error
== DEUBG == ref[134]=8192.04	m[134]=8192.04
== DEUBG == ref[135]=8221.27	m[135]=8221.26
== DEUBG == ref[136]=8193.88	m[136]=8193.89
== DEUBG == ref[137]=8197.30	m[137]=8197.29
== DEUBG == ref[138]=8102.45	m[138]=8102.47
== DEUBG == ref[139]=8190.05	m[139]=8190.05
== DEUBG == ref[140]=8215.25	m[140]=8215.26
== DEUBG == ref[141]=8189.88	m[141]=8189.90
== DEUBG == ref[142]=8184.69	m[142]=8184.69
== DEUBG == ref[143]=8164.92	m[143]=8164.91
== DEUBG == ref[144]=8191.67	m[144]=8191.69
== DEUBG == ref[145]=8150.86	m[145]=8150.86
== DEUBG == ref[146]=8191.91	m[146]=8191.92
== DEUBG == ref[147]=8225.00	m[147]=8224.99
== DEUBG == ref[148]=8257.00	m[148]=8256.98
above error
== DEUBG == ref[149]=8162.94	m[149]=8162.95
== DEUBG == ref[150]=8263.80	m[150]=8263.79
above error
== DEUBG == ref[151]=8205.22	m[151]=8205.23
== DEUBG == ref[152]=8128.14	m[152]=8128.14
== DEUBG == ref[153]=8231.27	m[153]=8231.28
== DEUBG == ref[154]=8158.85	m[154]=8158.85
== DEUBG == ref[155]=8207.99	m[155]=8207.99
== DEUBG == ref[156]=8237.08	m[156]=8237.09
== DEUBG == ref[157]=8165.46	m[157]=8165.46
== DEUBG == ref[158]=8215.96	m[158]=8215.97
== DEUBG == ref[159]=8214.50	m[159]=8214.51
== DEUBG == ref[160]=8131.00	m[160]=8131.00
== DEUBG == ref[161]=8149.73	m[161]=8149.70
above error
== DEUBG == ref[162]=8185.12	m[162]=8185.11
above error
== DEUBG == ref[163]=8208.70	m[163]=8208.70
== DEUBG == ref[164]=8193.40	m[164]=8193.41
== DEUBG == ref[165]=8154.19	m[165]=8154.19
== DEUBG == ref[166]=8163.89	m[166]=8163.90
== DEUBG == ref[167]=8257.75	m[167]=8257.75
== DEUBG == ref[168]=8199.02	m[168]=8199.03
== DEUBG == ref[169]=8235.13	m[169]=8235.16
== DEUBG == ref[170]=8209.90	m[170]=8209.91
== DEUBG == ref[171]=8215.21	m[171]=8215.22
== DEUBG == ref[172]=8207.26	m[172]=8207.26
== DEUBG == ref[173]=8130.34	m[173]=8130.33
== DEUBG == ref[174]=8148.22	m[174]=8148.19
above error
== DEUBG == ref[175]=8201.30	m[175]=8201.30
== DEUBG == ref[176]=8204.39	m[176]=8204.40
== DEUBG == ref[177]=8250.07	m[177]=8250.06
above error
== DEUBG == ref[178]=8185.16	m[178]=8185.16
== DEUBG == ref[179]=8191.19	m[179]=8191.16
above error
== DEUBG == ref[180]=8204.58	m[180]=8204.61
== DEUBG == ref[181]=8168.21	m[181]=8168.22
== DEUBG == ref[182]=8198.25	m[182]=8198.25
== DEUBG == ref[183]=8221.39	m[183]=8221.39
== DEUBG == ref[184]=8152.49	m[184]=8152.50
== DEUBG == ref[185]=8161.82	m[185]=8161.82
== DEUBG == ref[186]=8217.27	m[186]=8217.30
== DEUBG == ref[187]=8220.73	m[187]=8220.74
== DEUBG == ref[188]=8144.20	m[188]=8144.20
== DEUBG == ref[189]=8138.62	m[189]=8138.61
== DEUBG == ref[190]=8215.14	m[190]=8215.16
== DEUBG == ref[191]=8159.15	m[191]=8159.15
== DEUBG == ref[192]=8189.28	m[192]=8189.28
== DEUBG == ref[193]=8192.07	m[193]=8192.08
== DEUBG == ref[194]=8186.66	m[194]=8186.65
above error
== DEUBG == ref[195]=8189.20	m[195]=8189.18
above error
== DEUBG == ref[196]=8169.14	m[196]=8169.14
== DEUBG == ref[197]=8167.93	m[197]=8167.91
above error
== DEUBG == ref[198]=8202.19	m[198]=8202.18
above error
== DEUBG == ref[199]=8152.51	m[199]=8152.53
== DEUBG == ref[200]=8212.85	m[200]=8212.86
== DEUBG == ref[201]=8249.50	m[201]=8249.50
== DEUBG == ref[202]=8204.69	m[202]=8204.70
== DEUBG == ref[203]=8181.02	m[203]=8181.04
== DEUBG == ref[204]=8165.79	m[204]=8165.78
above error
== DEUBG == ref[205]=8166.32	m[205]=8166.34
== DEUBG == ref[206]=8168.36	m[206]=8168.38
== DEUBG == ref[207]=8198.64	m[207]=8198.63
== DEUBG == ref[208]=8197.18	m[208]=8197.20
== DEUBG == ref[209]=8164.88	m[209]=8164.90
== DEUBG == ref[210]=8237.21	m[210]=8237.24
== DEUBG == ref[211]=8227.21	m[211]=8227.18
above error
== DEUBG == ref[212]=8180.54	m[212]=8180.54
== DEUBG == ref[213]=8153.94	m[213]=8153.94
== DEUBG == ref[214]=8183.53	m[214]=8183.53
== DEUBG == ref[215]=8207.55	m[215]=8207.54
== DEUBG == ref[216]=8173.35	m[216]=8173.34
== DEUBG == ref[217]=8190.61	m[217]=8190.62
== DEUBG == ref[218]=8235.23	m[218]=8235.22
== DEUBG == ref[219]=8205.22	m[219]=8205.23
== DEUBG == ref[220]=8235.05	m[220]=8235.06
== DEUBG == ref[221]=8230.75	m[221]=8230.77
== DEUBG == ref[222]=8154.59	m[222]=8154.57
above error
== DEUBG == ref[223]=8140.68	m[223]=8140.71
== DEUBG == ref[224]=8230.76	m[224]=8230.77
== DEUBG == ref[225]=8221.71	m[225]=8221.73
== DEUBG == ref[226]=8234.56	m[226]=8234.60
== DEUBG == ref[227]=8170.86	m[227]=8170.87
== DEUBG == ref[228]=8205.88	m[228]=8205.87
== DEUBG == ref[229]=8137.00	m[229]=8137.01
== DEUBG == ref[230]=8231.74	m[230]=8231.76
== DEUBG == ref[231]=8236.45	m[231]=8236.47
== DEUBG == ref[232]=8130.33	m[232]=8130.33
== DEUBG == ref[233]=8222.52	m[233]=8222.54
== DEUBG == ref[234]=8254.84	m[234]=8254.84
== DEUBG == ref[235]=8192.61	m[235]=8192.57
above error
== DEUBG == ref[236]=8240.89	m[236]=8240.91
== DEUBG == ref[237]=8229.62	m[237]=8229.62
== DEUBG == ref[238]=8207.18	m[238]=8207.19
== DEUBG == ref[239]=8128.98	m[239]=8128.99
== DEUBG == ref[240]=8177.30	m[240]=8177.30
== DEUBG == ref[241]=8174.91	m[241]=8174.88
above error
== DEUBG == ref[242]=8166.99	m[242]=8167.00
== DEUBG == ref[243]=8190.55	m[243]=8190.55
== DEUBG == ref[244]=8175.03	m[244]=8175.03
== DEUBG == ref[245]=8161.22	m[245]=8161.23
== DEUBG == ref[246]=8210.23	m[246]=8210.21
above error
== DEUBG == ref[247]=8164.08	m[247]=8164.09
== DEUBG == ref[248]=8238.91	m[248]=8238.91
== DEUBG == ref[249]=8203.22	m[249]=8203.21
== DEUBG == ref[250]=8174.56	m[250]=8174.55
above error
== DEUBG == ref[251]=8163.44	m[251]=8163.42
above error
== DEUBG == ref[252]=8161.69	m[252]=8161.67
above error
== DEUBG == ref[253]=8134.82	m[253]=8134.83
== DEUBG == ref[254]=8187.78	m[254]=8187.78
== DEUBG == ref[255]=8192.98	m[255]=8192.97
== DEUBG == ref[256]=8178.00	m[256]=8177.98
above error
== DEUBG == ref[257]=8198.00	m[257]=8198.01
== DEUBG == ref[258]=8166.79	m[258]=8166.77
above error
== DEUBG == ref[259]=8206.78	m[259]=8206.77
above error
== DEUBG == ref[260]=8199.96	m[260]=8199.93
above error
== DEUBG == ref[261]=8230.62	m[261]=8230.62
== DEUBG == ref[262]=8176.86	m[262]=8176.86
== DEUBG == ref[263]=8285.25	m[263]=8285.23
above error
== DEUBG == ref[264]=8200.55	m[264]=8200.55
== DEUBG == ref[265]=8185.14	m[265]=8185.14
== DEUBG == ref[266]=8142.17	m[266]=8142.19
== DEUBG == ref[267]=8167.87	m[267]=8167.88
== DEUBG == ref[268]=8216.58	m[268]=8216.58
== DEUBG == ref[269]=8222.42	m[269]=8222.40
above error
== DEUBG == ref[270]=8205.37	m[270]=8205.38
== DEUBG == ref[271]=8147.32	m[271]=8147.33
== DEUBG == ref[272]=8219.18	m[272]=8219.18
== DEUBG == ref[273]=8158.30	m[273]=8158.29
above error
== DEUBG == ref[274]=8136.61	m[274]=8136.58
above error
== DEUBG == ref[275]=8168.21	m[275]=8168.22
== DEUBG == ref[276]=8203.38	m[276]=8203.38
== DEUBG == ref[277]=8168.72	m[277]=8168.70
above error
== DEUBG == ref[278]=8230.42	m[278]=8230.42
== DEUBG == ref[279]=8202.22	m[279]=8202.19
above error
== DEUBG == ref[280]=8208.36	m[280]=8208.35
== DEUBG == ref[281]=8232.15	m[281]=8232.16
== DEUBG == ref[282]=8165.64	m[282]=8165.63
== DEUBG == ref[283]=8144.57	m[283]=8144.55
above error
== DEUBG == ref[284]=8206.85	m[284]=8206.84
above error
== DEUBG == ref[285]=8153.86	m[285]=8153.86
== DEUBG == ref[286]=8080.06	m[286]=8080.05
== DEUBG == ref[287]=8245.11	m[287]=8245.11
== DEUBG == ref[288]=8219.57	m[288]=8219.56
== DEUBG == ref[289]=8179.40	m[289]=8179.40
== DEUBG == ref[290]=8176.60	m[290]=8176.60
== DEUBG == ref[291]=8192.73	m[291]=8192.74
== DEUBG == ref[292]=8197.06	m[292]=8197.04
above error
== DEUBG == ref[293]=8170.52	m[293]=8170.53
== DEUBG == ref[294]=8184.14	m[294]=8184.14
== DEUBG == ref[295]=8198.52	m[295]=8198.53
== DEUBG == ref[296]=8183.40	m[296]=8183.42
== DEUBG == ref[297]=8196.76	m[297]=8196.73
above error
== DEUBG == ref[298]=8165.19	m[298]=8165.22
== DEUBG == ref[299]=8211.17	m[299]=8211.16
== DEUBG == ref[300]=8238.30	m[300]=8238.33
== DEUBG == ref[301]=8170.34	m[301]=8170.32
above error
== DEUBG == ref[302]=8207.10	m[302]=8207.12
== DEUBG == ref[303]=8204.54	m[303]=8204.54
== DEUBG == ref[304]=8153.63	m[304]=8153.64
== DEUBG == ref[305]=8147.82	m[305]=8147.84
== DEUBG == ref[306]=8195.41	m[306]=8195.40
above error
== DEUBG == ref[307]=8219.27	m[307]=8219.28
== DEUBG == ref[308]=8168.22	m[308]=8168.24
== DEUBG == ref[309]=8227.82	m[309]=8227.79
above error
== DEUBG == ref[310]=8278.43	m[310]=8278.42
== DEUBG == ref[311]=8179.38	m[311]=8179.40
== DEUBG == ref[312]=8166.34	m[312]=8166.34
== DEUBG == ref[313]=8179.08	m[313]=8179.08
== DEUBG == ref[314]=8210.84	m[314]=8210.84
== DEUBG == ref[315]=8219.18	m[315]=8219.18
== DEUBG == ref[316]=8173.61	m[316]=8173.60
== DEUBG == ref[317]=8183.91	m[317]=8183.92
== DEUBG == ref[318]=8151.53	m[318]=8151.55
== DEUBG == ref[319]=8164.86	m[319]=8164.85
above error
== DEUBG == ref[320]=8193.88	m[320]=8193.89
== DEUBG == ref[321]=8204.06	m[321]=8204.05
above error
== DEUBG == ref[322]=8227.01	m[322]=8227.02
== DEUBG == ref[323]=8261.37	m[323]=8261.35
above error
== DEUBG == ref[324]=8187.43	m[324]=8187.44
== DEUBG == ref[325]=8189.29	m[325]=8189.29
== DEUBG == ref[326]=8123.51	m[326]=8123.50
above error
== DEUBG == ref[327]=8198.19	m[327]=8198.20
== DEUBG == ref[328]=8159.36	m[328]=8159.33
above error
== DEUBG == ref[329]=8198.48	m[329]=8198.47
above error
== DEUBG == ref[330]=8237.43	m[330]=8237.43
== DEUBG == ref[331]=8119.50	m[331]=8119.50
== DEUBG == ref[332]=8198.73	m[332]=8198.74
== DEUBG == ref[333]=8206.14	m[333]=8206.16
== DEUBG == ref[334]=8238.32	m[334]=8238.34
== DEUBG == ref[335]=8205.64	m[335]=8205.62
above error
== DEUBG == ref[336]=8137.64	m[336]=8137.65
== DEUBG == ref[337]=8156.08	m[337]=8156.09
== DEUBG == ref[338]=8218.61	m[338]=8218.61
== DEUBG == ref[339]=8256.76	m[339]=8256.76
== DEUBG == ref[340]=8195.15	m[340]=8195.17
== DEUBG == ref[341]=8205.41	m[341]=8205.43
== DEUBG == ref[342]=8206.00	m[342]=8206.03
== DEUBG == ref[343]=8228.52	m[343]=8228.50
above error
== DEUBG == ref[344]=8252.83	m[344]=8252.82
above error
== DEUBG == ref[345]=8176.77	m[345]=8176.78
== DEUBG == ref[346]=8176.12	m[346]=8176.11
above error
== DEUBG == ref[347]=8151.33	m[347]=8151.33
== DEUBG == ref[348]=8225.73	m[348]=8225.75
== DEUBG == ref[349]=8310.15	m[349]=8310.15
== DEUBG == ref[350]=8174.74	m[350]=8174.75
== DEUBG == ref[351]=8156.98	m[351]=8156.99
== DEUBG == ref[352]=8180.48	m[352]=8180.50
== DEUBG == ref[353]=8197.26	m[353]=8197.29
== DEUBG == ref[354]=8204.12	m[354]=8204.11
== DEUBG == ref[355]=8215.37	m[355]=8215.37
== DEUBG == ref[356]=8239.17	m[356]=8239.17
== DEUBG == ref[357]=8208.54	m[357]=8208.54
== DEUBG == ref[358]=8201.41	m[358]=8201.42
== DEUBG == ref[359]=8259.29	m[359]=8259.30
== DEUBG == ref[360]=8184.12	m[360]=8184.12
== DEUBG == ref[361]=8168.19	m[361]=8168.19
== DEUBG == ref[362]=8200.16	m[362]=8200.16
== DEUBG == ref[363]=8197.23	m[363]=8197.24
== DEUBG == ref[364]=8124.09	m[364]=8124.09
== DEUBG == ref[365]=8129.02	m[365]=8129.04
== DEUBG == ref[366]=8206.31	m[366]=8206.31
== DEUBG == ref[367]=8225.38	m[367]=8225.38
== DEUBG == ref[368]=8196.87	m[368]=8196.85
above error
== DEUBG == ref[369]=8141.88	m[369]=8141.88
== DEUBG == ref[370]=8255.82	m[370]=8255.82
== DEUBG == ref[371]=8250.16	m[371]=8250.13
above error
== DEUBG == ref[372]=8193.77	m[372]=8193.74
above error
== DEUBG == ref[373]=8188.09	m[373]=8188.11
== DEUBG == ref[374]=8240.51	m[374]=8240.51
== DEUBG == ref[375]=8200.71	m[375]=8200.68
above error
== DEUBG == ref[376]=8219.75	m[376]=8219.74
above error
== DEUBG == ref[377]=8193.23	m[377]=8193.23
== DEUBG == ref[378]=8225.57	m[378]=8225.58
== DEUBG == ref[379]=8205.66	m[379]=8205.65
above error
== DEUBG == ref[380]=8209.04	m[380]=8209.04
== DEUBG == ref[381]=8112.28	m[381]=8112.29
== DEUBG == ref[382]=8229.11	m[382]=8229.11
== DEUBG == ref[383]=8192.95	m[383]=8192.95
== DEUBG == ref[384]=8160.24	m[384]=8160.26
== DEUBG == ref[385]=8224.85	m[385]=8224.87
== DEUBG == ref[386]=8201.01	m[386]=8201.00
above error
== DEUBG == ref[387]=8227.04	m[387]=8227.00
above error
== DEUBG == ref[388]=8130.08	m[388]=8130.06
above error
== DEUBG == ref[389]=8219.87	m[389]=8219.85
above error
== DEUBG == ref[390]=8203.13	m[390]=8203.14
== DEUBG == ref[391]=8121.76	m[391]=8121.75
== DEUBG == ref[392]=8198.61	m[392]=8198.61
== DEUBG == ref[393]=8158.62	m[393]=8158.60
above error
== DEUBG == ref[394]=8198.89	m[394]=8198.87
above error
== DEUBG == ref[395]=8079.98	m[395]=8080.00
== DEUBG == ref[396]=8218.71	m[396]=8218.70
== DEUBG == ref[397]=8178.39	m[397]=8178.38
== DEUBG == ref[398]=8195.92	m[398]=8195.93
== DEUBG == ref[399]=8205.54	m[399]=8205.53
== DEUBG == ref[400]=8192.50	m[400]=8192.51
== DEUBG == ref[401]=8246.97	m[401]=8246.97
== DEUBG == ref[402]=8143.07	m[402]=8143.06
above error
== DEUBG == ref[403]=8209.81	m[403]=8209.81
== DEUBG == ref[404]=8222.43	m[404]=8222.41
above error
== DEUBG == ref[405]=8175.33	m[405]=8175.34
== DEUBG == ref[406]=8220.69	m[406]=8220.68
above error
== DEUBG == ref[407]=8125.13	m[407]=8125.14
== DEUBG == ref[408]=8178.89	m[408]=8178.88
== DEUBG == ref[409]=8226.77	m[409]=8226.79
== DEUBG == ref[410]=8202.21	m[410]=8202.21
== DEUBG == ref[411]=8148.17	m[411]=8148.17
== DEUBG == ref[412]=8222.65	m[412]=8222.67
== DEUBG == ref[413]=8188.38	m[413]=8188.40
== DEUBG == ref[414]=8198.56	m[414]=8198.57
== DEUBG == ref[415]=8207.57	m[415]=8207.57
== DEUBG == ref[416]=8186.76	m[416]=8186.77
== DEUBG == ref[417]=8227.41	m[417]=8227.40
== DEUBG == ref[418]=8190.98	m[418]=8191.00
== DEUBG == ref[419]=8096.09	m[419]=8096.10
== DEUBG == ref[420]=8204.20	m[420]=8204.20
== DEUBG == ref[421]=8193.09	m[421]=8193.10
== DEUBG == ref[422]=8213.56	m[422]=8213.56
== DEUBG == ref[423]=8188.35	m[423]=8188.34
above error
== DEUBG == ref[424]=8206.77	m[424]=8206.74
above error
== DEUBG == ref[425]=8149.61	m[425]=8149.59
above error
== DEUBG == ref[426]=8250.49	m[426]=8250.48
above error
== DEUBG == ref[427]=8213.66	m[427]=8213.66
== DEUBG == ref[428]=8238.33	m[428]=8238.33
== DEUBG == ref[429]=8210.99	m[429]=8210.99
== DEUBG == ref[430]=8174.20	m[430]=8174.20
== DEUBG == ref[431]=8203.01	m[431]=8203.01
== DEUBG == ref[432]=8137.20	m[432]=8137.20
== DEUBG == ref[433]=8212.98	m[433]=8212.96
above error
== DEUBG == ref[434]=8170.35	m[434]=8170.35
== DEUBG == ref[435]=8190.64	m[435]=8190.63
== DEUBG == ref[436]=8173.12	m[436]=8173.13
== DEUBG == ref[437]=8213.33	m[437]=8213.32
above error
== DEUBG == ref[438]=8242.53	m[438]=8242.51
above error
== DEUBG == ref[439]=8123.50	m[439]=8123.51
== DEUBG == ref[440]=8156.99	m[440]=8156.99
== DEUBG == ref[441]=8115.84	m[441]=8115.85
== DEUBG == ref[442]=8163.38	m[442]=8163.39
== DEUBG == ref[443]=8208.87	m[443]=8208.85
above error
== DEUBG == ref[444]=8182.86	m[444]=8182.86
== DEUBG == ref[445]=8182.74	m[445]=8182.74
== DEUBG == ref[446]=8229.84	m[446]=8229.86
== DEUBG == ref[447]=8146.32	m[447]=8146.32
== DEUBG == ref[448]=8227.20	m[448]=8227.21
== DEUBG == ref[449]=8176.42	m[449]=8176.43
== DEUBG == ref[450]=8210.97	m[450]=8210.97
== DEUBG == ref[451]=8124.98	m[451]=8124.98
== DEUBG == ref[452]=8158.32	m[452]=8158.34
== DEUBG == ref[453]=8146.93	m[453]=8146.93
== DEUBG == ref[454]=8156.48	m[454]=8156.47
== DEUBG == ref[455]=8159.44	m[455]=8159.46
== DEUBG == ref[456]=8161.26	m[456]=8161.25
== DEUBG == ref[457]=8218.37	m[457]=8218.39
== DEUBG == ref[458]=8172.71	m[458]=8172.71
== DEUBG == ref[459]=8204.38	m[459]=8204.38
== DEUBG == ref[460]=8134.24	m[460]=8134.25
== DEUBG == ref[461]=8200.01	m[461]=8199.99
above error
== DEUBG == ref[462]=8166.92	m[462]=8166.91
== DEUBG == ref[463]=8118.79	m[463]=8118.80
== DEUBG == ref[464]=8152.89	m[464]=8152.88
== DEUBG == ref[465]=8193.79	m[465]=8193.79
== DEUBG == ref[466]=8151.79	m[466]=8151.78
above error
== DEUBG == ref[467]=8114.01	m[467]=8114.01
== DEUBG == ref[468]=8192.22	m[468]=8192.22
== DEUBG == ref[469]=8163.69	m[469]=8163.70
== DEUBG == ref[470]=8197.16	m[470]=8197.17
== DEUBG == ref[471]=8160.84	m[471]=8160.84
== DEUBG == ref[472]=8212.07	m[472]=8212.06
== DEUBG == ref[473]=8215.78	m[473]=8215.77
above error
== DEUBG == ref[474]=8191.17	m[474]=8191.18
== DEUBG == ref[475]=8187.69	m[475]=8187.68
== DEUBG == ref[476]=8228.51	m[476]=8228.51
== DEUBG == ref[477]=8175.95	m[477]=8175.96
== DEUBG == ref[478]=8175.07	m[478]=8175.09
== DEUBG == ref[479]=8160.84	m[479]=8160.85
== DEUBG == ref[480]=8209.11	m[480]=8209.12
== DEUBG == ref[481]=8199.46	m[481]=8199.45
above error
== DEUBG == ref[482]=8199.15	m[482]=8199.16
== DEUBG == ref[483]=8193.89	m[483]=8193.88
== DEUBG == ref[484]=8188.02	m[484]=8188.02
== DEUBG == ref[485]=8166.09	m[485]=8166.06
above error
== DEUBG == ref[486]=8180.64	m[486]=8180.64
== DEUBG == ref[487]=8196.15	m[487]=8196.13
above error
== DEUBG == ref[488]=8208.15	m[488]=8208.13
above error
== DEUBG == ref[489]=8166.77	m[489]=8166.76
above error
== DEUBG == ref[490]=8172.53	m[490]=8172.53
== DEUBG == ref[491]=8118.12	m[491]=8118.12
== DEUBG == ref[492]=8122.25	m[492]=8122.24
above error
== DEUBG == ref[493]=8283.19	m[493]=8283.20
== DEUBG == ref[494]=8167.33	m[494]=8167.33
== DEUBG == ref[495]=8197.33	m[495]=8197.35
== DEUBG == ref[496]=8208.32	m[496]=8208.31
above error
== DEUBG == ref[497]=8254.55	m[497]=8254.56
== DEUBG == ref[498]=8163.24	m[498]=8163.25
== DEUBG == ref[499]=8164.55	m[499]=8164.55
== DEUBG == ref[500]=8174.97	m[500]=8174.98
== DEUBG == ref[501]=8182.38	m[501]=8182.38
== DEUBG == ref[502]=8199.27	m[502]=8199.28
== DEUBG == ref[503]=8155.52	m[503]=8155.54
== DEUBG == ref[504]=8197.00	m[504]=8196.99
== DEUBG == ref[505]=8270.47	m[505]=8270.47
== DEUBG == ref[506]=8244.32	m[506]=8244.31
== DEUBG == ref[507]=8190.15	m[507]=8190.13
above error
== DEUBG == ref[508]=8214.15	m[508]=8214.16
== DEUBG == ref[509]=8204.68	m[509]=8204.68
== DEUBG == ref[510]=8289.64	m[510]=8289.65
== DEUBG == ref[511]=8218.25	m[511]=8218.27
== DEUBG == ref[512]=8235.21	m[512]=8235.20
== DEUBG == ref[513]=8260.72	m[513]=8260.74
== DEUBG == ref[514]=8191.77	m[514]=8191.81
== DEUBG == ref[515]=8276.51	m[515]=8276.51
== DEUBG == ref[516]=8169.70	m[516]=8169.68
above error
== DEUBG == ref[517]=8279.23	m[517]=8279.23
== DEUBG == ref[518]=8184.78	m[518]=8184.76
above error
== DEUBG == ref[519]=8175.50	m[519]=8175.49
== DEUBG == ref[520]=8143.60	m[520]=8143.61
== DEUBG == ref[521]=8152.94	m[521]=8152.93
== DEUBG == ref[522]=8198.36	m[522]=8198.36
== DEUBG == ref[523]=8135.41	m[523]=8135.37
above error
== DEUBG == ref[524]=8231.12	m[524]=8231.10
above error
== DEUBG == ref[525]=8208.82	m[525]=8208.83
== DEUBG == ref[526]=8210.55	m[526]=8210.54
above error
== DEUBG == ref[527]=8182.68	m[527]=8182.67
== DEUBG == ref[528]=8263.14	m[528]=8263.15
== DEUBG == ref[529]=8143.47	m[529]=8143.48
== DEUBG == ref[530]=8228.64	m[530]=8228.65
== DEUBG == ref[531]=8228.47	m[531]=8228.46
above error
== DEUBG == ref[532]=8184.90	m[532]=8184.90
== DEUBG == ref[533]=8206.02	m[533]=8206.00
above error
== DEUBG == ref[534]=8249.30	m[534]=8249.31
== DEUBG == ref[535]=8189.60	m[535]=8189.60
== DEUBG == ref[536]=8155.40	m[536]=8155.40
== DEUBG == ref[537]=8211.12	m[537]=8211.13
== DEUBG == ref[538]=8204.64	m[538]=8204.64
== DEUBG == ref[539]=8209.44	m[539]=8209.45
== DEUBG == ref[540]=8244.73	m[540]=8244.76
== DEUBG == ref[541]=8172.75	m[541]=8172.73
above error
== DEUBG == ref[542]=8224.76	m[542]=8224.76
== DEUBG == ref[543]=8193.78	m[543]=8193.80
== DEUBG == ref[544]=8242.18	m[544]=8242.16
above error
== DEUBG == ref[545]=8187.30	m[545]=8187.32
== DEUBG == ref[546]=8225.92	m[546]=8225.91
above error
== DEUBG == ref[547]=8173.15	m[547]=8173.13
above error
== DEUBG == ref[548]=8152.17	m[548]=8152.17
== DEUBG == ref[549]=8214.67	m[549]=8214.70
== DEUBG == ref[550]=8212.21	m[550]=8212.20
== DEUBG == ref[551]=8239.02	m[551]=8239.02
== DEUBG == ref[552]=8222.76	m[552]=8222.79
== DEUBG == ref[553]=8204.44	m[553]=8204.45
== DEUBG == ref[554]=8182.63	m[554]=8182.63
== DEUBG == ref[555]=8191.84	m[555]=8191.86
== DEUBG == ref[556]=8123.78	m[556]=8123.79
== DEUBG == ref[557]=8201.89	m[557]=8201.91
== DEUBG == ref[558]=8165.94	m[558]=8165.95
== DEUBG == ref[559]=8200.48	m[559]=8200.48
== DEUBG == ref[560]=8223.61	m[560]=8223.60
above error
== DEUBG == ref[561]=8246.56	m[561]=8246.56
== DEUBG == ref[562]=8189.13	m[562]=8189.12
== DEUBG == ref[563]=8107.66	m[563]=8107.66
== DEUBG == ref[564]=8111.72	m[564]=8111.70
above error
== DEUBG == ref[565]=8163.05	m[565]=8163.04
above error
== DEUBG == ref[566]=8187.79	m[566]=8187.77
above error
== DEUBG == ref[567]=8168.54	m[567]=8168.55
== DEUBG == ref[568]=8200.34	m[568]=8200.37
== DEUBG == ref[569]=8279.52	m[569]=8279.50
above error
== DEUBG == ref[570]=8157.36	m[570]=8157.35
== DEUBG == ref[571]=8247.79	m[571]=8247.79
== DEUBG == ref[572]=8150.54	m[572]=8150.53
above error
== DEUBG == ref[573]=8163.40	m[573]=8163.40
== DEUBG == ref[574]=8179.95	m[574]=8179.92
above error
== DEUBG == ref[575]=8188.42	m[575]=8188.43
== DEUBG == ref[576]=8247.95	m[576]=8247.95
== DEUBG == ref[577]=8132.11	m[577]=8132.10
== DEUBG == ref[578]=8171.37	m[578]=8171.38
== DEUBG == ref[579]=8224.99	m[579]=8225.01
== DEUBG == ref[580]=8137.77	m[580]=8137.77
== DEUBG == ref[581]=8192.23	m[581]=8192.23
== DEUBG == ref[582]=8201.60	m[582]=8201.60
== DEUBG == ref[583]=8198.50	m[583]=8198.50
== DEUBG == ref[584]=8104.08	m[584]=8104.09
== DEUBG == ref[585]=8167.49	m[585]=8167.51
== DEUBG == ref[586]=8209.53	m[586]=8209.53
== DEUBG == ref[587]=8234.47	m[587]=8234.46
== DEUBG == ref[588]=8165.76	m[588]=8165.75
== DEUBG == ref[589]=8158.30	m[589]=8158.30
== DEUBG == ref[590]=8182.39	m[590]=8182.38
above error
== DEUBG == ref[591]=8272.42	m[591]=8272.43
== DEUBG == ref[592]=8209.76	m[592]=8209.75
== DEUBG == ref[593]=8143.79	m[593]=8143.77
above error
== DEUBG == ref[594]=8137.58	m[594]=8137.57
== DEUBG == ref[595]=8189.52	m[595]=8189.54
== DEUBG == ref[596]=8182.23	m[596]=8182.23
== DEUBG == ref[597]=8234.15	m[597]=8234.18
== DEUBG == ref[598]=8231.64	m[598]=8231.66
== DEUBG == ref[599]=8239.64	m[599]=8239.65
== DEUBG == ref[600]=8139.50	m[600]=8139.50
== DEUBG == ref[601]=8224.49	m[601]=8224.49
== DEUBG == ref[602]=8232.78	m[602]=8232.78
== DEUBG == ref[603]=8158.67	m[603]=8158.66
above error
== DEUBG == ref[604]=8219.02	m[604]=8219.03
== DEUBG == ref[605]=8218.01	m[605]=8218.01
== DEUBG == ref[606]=8204.14	m[606]=8204.13
above error
== DEUBG == ref[607]=8146.59	m[607]=8146.57
above error
== DEUBG == ref[608]=8201.86	m[608]=8201.86
== DEUBG == ref[609]=8179.45	m[609]=8179.44
above error
== DEUBG == ref[610]=8209.58	m[610]=8209.58
== DEUBG == ref[611]=8189.61	m[611]=8189.60
== DEUBG == ref[612]=8172.51	m[612]=8172.49
above error
== DEUBG == ref[613]=8233.03	m[613]=8233.01
above error
== DEUBG == ref[614]=8164.55	m[614]=8164.53
above error
== DEUBG == ref[615]=8150.04	m[615]=8150.06
== DEUBG == ref[616]=8188.62	m[616]=8188.62
== DEUBG == ref[617]=8221.87	m[617]=8221.88
== DEUBG == ref[618]=8239.58	m[618]=8239.59
== DEUBG == ref[619]=8145.15	m[619]=8145.17
== DEUBG == ref[620]=8168.33	m[620]=8168.33
== DEUBG == ref[621]=8210.00	m[621]=8210.00
== DEUBG == ref[622]=8131.31	m[622]=8131.32
== DEUBG == ref[623]=8199.24	m[623]=8199.28
== DEUBG == ref[624]=8219.32	m[624]=8219.33
== DEUBG == ref[625]=8222.92	m[625]=8222.92
== DEUBG == ref[626]=8214.77	m[626]=8214.78
== DEUBG == ref[627]=8243.48	m[627]=8243.47
above error
== DEUBG == ref[628]=8196.82	m[628]=8196.85
== DEUBG == ref[629]=8173.82	m[629]=8173.82
== DEUBG == ref[630]=8208.46	m[630]=8208.46
== DEUBG == ref[631]=8136.32	m[631]=8136.34
== DEUBG == ref[632]=8162.05	m[632]=8162.02
above error
== DEUBG == ref[633]=8184.18	m[633]=8184.16
above error
== DEUBG == ref[634]=8199.49	m[634]=8199.48
== DEUBG == ref[635]=8207.18	m[635]=8207.19
== DEUBG == ref[636]=8195.86	m[636]=8195.87
== DEUBG == ref[637]=8135.62	m[637]=8135.63
== DEUBG == ref[638]=8175.33	m[638]=8175.34
== DEUBG == ref[639]=8200.64	m[639]=8200.66
== DEUBG == ref[640]=8145.88	m[640]=8145.87
above error
== DEUBG == ref[641]=8122.85	m[641]=8122.85
== DEUBG == ref[642]=8245.69	m[642]=8245.68
above error
== DEUBG == ref[643]=8138.56	m[643]=8138.56
== DEUBG == ref[644]=8148.70	m[644]=8148.71
== DEUBG == ref[645]=8172.14	m[645]=8172.13
above error
== DEUBG == ref[646]=8168.21	m[646]=8168.21
== DEUBG == ref[647]=8101.02	m[647]=8101.00
above error
== DEUBG == ref[648]=8166.82	m[648]=8166.83
== DEUBG == ref[649]=8208.14	m[649]=8208.16
== DEUBG == ref[650]=8188.12	m[650]=8188.14
== DEUBG == ref[651]=8249.84	m[651]=8249.85
== DEUBG == ref[652]=8165.10	m[652]=8165.13
== DEUBG == ref[653]=8205.81	m[653]=8205.80
== DEUBG == ref[654]=8202.65	m[654]=8202.66
== DEUBG == ref[655]=8199.97	m[655]=8199.97
== DEUBG == ref[656]=8211.82	m[656]=8211.82
== DEUBG == ref[657]=8169.35	m[657]=8169.36
== DEUBG == ref[658]=8249.19	m[658]=8249.21
== DEUBG == ref[659]=8143.60	m[659]=8143.60
== DEUBG == ref[660]=8175.78	m[660]=8175.76
above error
== DEUBG == ref[661]=8227.75	m[661]=8227.75
== DEUBG == ref[662]=8210.48	m[662]=8210.50
== DEUBG == ref[663]=8194.55	m[663]=8194.58
== DEUBG == ref[664]=8255.75	m[664]=8255.78
== DEUBG == ref[665]=8148.35	m[665]=8148.34
== DEUBG == ref[666]=8208.14	m[666]=8208.16
== DEUBG == ref[667]=8214.70	m[667]=8214.71
== DEUBG == ref[668]=8229.24	m[668]=8229.24
== DEUBG == ref[669]=8192.98	m[669]=8192.99
== DEUBG == ref[670]=8165.15	m[670]=8165.14
== DEUBG == ref[671]=8180.52	m[671]=8180.52
== DEUBG == ref[672]=8173.97	m[672]=8174.00
== DEUBG == ref[673]=8246.84	m[673]=8246.84
== DEUBG == ref[674]=8202.49	m[674]=8202.49
== DEUBG == ref[675]=8155.07	m[675]=8155.05
above error
== DEUBG == ref[676]=8145.04	m[676]=8145.05
== DEUBG == ref[677]=8248.03	m[677]=8248.03
== DEUBG == ref[678]=8169.06	m[678]=8169.07
== DEUBG == ref[679]=8183.30	m[679]=8183.31
== DEUBG == ref[680]=8155.13	m[680]=8155.15
== DEUBG == ref[681]=8233.23	m[681]=8233.21
above error
== DEUBG == ref[682]=8173.63	m[682]=8173.62
above error
== DEUBG == ref[683]=8167.39	m[683]=8167.39
== DEUBG == ref[684]=8150.38	m[684]=8150.38
== DEUBG == ref[685]=8199.48	m[685]=8199.49
== DEUBG == ref[686]=8154.50	m[686]=8154.52
== DEUBG == ref[687]=8182.26	m[687]=8182.26
== DEUBG == ref[688]=8247.70	m[688]=8247.70
== DEUBG == ref[689]=8188.08	m[689]=8188.05
above error
== DEUBG == ref[690]=8263.55	m[690]=8263.53
above error
== DEUBG == ref[691]=8167.02	m[691]=8167.02
== DEUBG == ref[692]=8164.84	m[692]=8164.84
== DEUBG == ref[693]=8141.92	m[693]=8141.93
== DEUBG == ref[694]=8256.20	m[694]=8256.19
== DEUBG == ref[695]=8228.51	m[695]=8228.50
== DEUBG == ref[696]=8206.60	m[696]=8206.58
above error
== DEUBG == ref[697]=8218.25	m[697]=8218.25
== DEUBG == ref[698]=8183.46	m[698]=8183.48
== DEUBG == ref[699]=8177.58	m[699]=8177.56
above error
== DEUBG == ref[700]=8150.60	m[700]=8150.59
== DEUBG == ref[701]=8194.22	m[701]=8194.21
== DEUBG == ref[702]=8216.12	m[702]=8216.11
== DEUBG == ref[703]=8185.42	m[703]=8185.43
== DEUBG == ref[704]=8257.79	m[704]=8257.81
== DEUBG == ref[705]=8179.79	m[705]=8179.79
== DEUBG == ref[706]=8212.14	m[706]=8212.13
above error
== DEUBG == ref[707]=8216.50	m[707]=8216.51
== DEUBG == ref[708]=8250.88	m[708]=8250.88
== DEUBG == ref[709]=8159.11	m[709]=8159.13
== DEUBG == ref[710]=8202.57	m[710]=8202.58
== DEUBG == ref[711]=8166.99	m[711]=8166.98
above error
== DEUBG == ref[712]=8183.81	m[712]=8183.81
== DEUBG == ref[713]=8280.60	m[713]=8280.62
== DEUBG == ref[714]=8199.62	m[714]=8199.64
== DEUBG == ref[715]=8235.39	m[715]=8235.40
== DEUBG == ref[716]=8183.40	m[716]=8183.40
== DEUBG == ref[717]=8238.44	m[717]=8238.46
== DEUBG == ref[718]=8207.17	m[718]=8207.15
above error
== DEUBG == ref[719]=8145.97	m[719]=8145.96
== DEUBG == ref[720]=8210.03	m[720]=8210.03
== DEUBG == ref[721]=8144.08	m[721]=8144.09
== DEUBG == ref[722]=8222.72	m[722]=8222.75
== DEUBG == ref[723]=8172.30	m[723]=8172.31
== DEUBG == ref[724]=8191.57	m[724]=8191.58
== DEUBG == ref[725]=8212.89	m[725]=8212.88
above error
== DEUBG == ref[726]=8140.30	m[726]=8140.31
== DEUBG == ref[727]=8210.32	m[727]=8210.31
== DEUBG == ref[728]=8215.31	m[728]=8215.31
== DEUBG == ref[729]=8180.11	m[729]=8180.12
== DEUBG == ref[730]=8206.60	m[730]=8206.60
== DEUBG == ref[731]=8176.23	m[731]=8176.22
== DEUBG == ref[732]=8231.73	m[732]=8231.72
above error
== DEUBG == ref[733]=8224.15	m[733]=8224.14
above error
== DEUBG == ref[734]=8205.54	m[734]=8205.53
above error
== DEUBG == ref[735]=8163.60	m[735]=8163.60
== DEUBG == ref[736]=8230.16	m[736]=8230.18
== DEUBG == ref[737]=8168.63	m[737]=8168.63
== DEUBG == ref[738]=8163.51	m[738]=8163.51
== DEUBG == ref[739]=8163.00	m[739]=8162.99
above error
== DEUBG == ref[740]=8183.81	m[740]=8183.80
== DEUBG == ref[741]=8124.53	m[741]=8124.54
== DEUBG == ref[742]=8228.71	m[742]=8228.71
== DEUBG == ref[743]=8216.80	m[743]=8216.80
== DEUBG == ref[744]=8193.62	m[744]=8193.61
above error
== DEUBG == ref[745]=8241.29	m[745]=8241.31
== DEUBG == ref[746]=8263.42	m[746]=8263.42
== DEUBG == ref[747]=8182.54	m[747]=8182.52
above error
== DEUBG == ref[748]=8171.97	m[748]=8171.99
== DEUBG == ref[749]=8258.26	m[749]=8258.27
== DEUBG == ref[750]=8228.57	m[750]=8228.56
== DEUBG == ref[751]=8154.78	m[751]=8154.79
== DEUBG == ref[752]=8108.88	m[752]=8108.86
above error
== DEUBG == ref[753]=8200.94	m[753]=8200.93
== DEUBG == ref[754]=8147.73	m[754]=8147.73
== DEUBG == ref[755]=8227.22	m[755]=8227.21
== DEUBG == ref[756]=8265.65	m[756]=8265.67
== DEUBG == ref[757]=8263.16	m[757]=8263.15
above error
== DEUBG == ref[758]=8134.54	m[758]=8134.51
above error
== DEUBG == ref[759]=8177.36	m[759]=8177.36
== DEUBG == ref[760]=8246.47	m[760]=8246.46
== DEUBG == ref[761]=8165.61	m[761]=8165.61
== DEUBG == ref[762]=8197.09	m[762]=8197.08
== DEUBG == ref[763]=8292.72	m[763]=8292.73
== DEUBG == ref[764]=8219.27	m[764]=8219.25
above error
== DEUBG == ref[765]=8193.54	m[765]=8193.54
== DEUBG == ref[766]=8281.71	m[766]=8281.74
== DEUBG == ref[767]=8221.26	m[767]=8221.27
== DEUBG == ref[768]=8139.10	m[768]=8139.11
== DEUBG == ref[769]=8182.19	m[769]=8182.20
== DEUBG == ref[770]=8210.81	m[770]=8210.82
== DEUBG == ref[771]=8206.18	m[771]=8206.18
== DEUBG == ref[772]=8222.90	m[772]=8222.89
above error
== DEUBG == ref[773]=8202.54	m[773]=8202.53
== DEUBG == ref[774]=8251.71	m[774]=8251.71
== DEUBG == ref[775]=8207.41	m[775]=8207.40
== DEUBG == ref[776]=8199.42	m[776]=8199.43
== DEUBG == ref[777]=8201.49	m[777]=8201.52
== DEUBG == ref[778]=8225.57	m[778]=8225.57
== DEUBG == ref[779]=8132.15	m[779]=8132.14
above error
== DEUBG == ref[780]=8181.17	m[780]=8181.18
== DEUBG == ref[781]=8185.47	m[781]=8185.46
above error
== DEUBG == ref[782]=8192.07	m[782]=8192.09
== DEUBG == ref[783]=8192.59	m[783]=8192.60
== DEUBG == ref[784]=8201.12	m[784]=8201.12
== DEUBG == ref[785]=8185.23	m[785]=8185.21
above error
== DEUBG == ref[786]=8205.65	m[786]=8205.63
above error
== DEUBG == ref[787]=8191.81	m[787]=8191.79
above error
== DEUBG == ref[788]=8185.86	m[788]=8185.85
above error
== DEUBG == ref[789]=8243.67	m[789]=8243.63
above error
== DEUBG == ref[790]=8220.18	m[790]=8220.18
== DEUBG == ref[791]=8183.25	m[791]=8183.26
== DEUBG == ref[792]=8218.69	m[792]=8218.69
== DEUBG == ref[793]=8166.75	m[793]=8166.73
above error
== DEUBG == ref[794]=8162.85	m[794]=8162.83
above error
== DEUBG == ref[795]=8248.82	m[795]=8248.83
== DEUBG == ref[796]=8254.44	m[796]=8254.44
== DEUBG == ref[797]=8211.76	m[797]=8211.75
== DEUBG == ref[798]=8253.56	m[798]=8253.56
== DEUBG == ref[799]=8185.91	m[799]=8185.89
above error
== DEUBG == ref[800]=8146.54	m[800]=8146.53
== DEUBG == ref[801]=8216.10	m[801]=8216.11
== DEUBG == ref[802]=8206.70	m[802]=8206.67
above error
== DEUBG == ref[803]=8192.21	m[803]=8192.23
== DEUBG == ref[804]=8152.12	m[804]=8152.13
== DEUBG == ref[805]=8245.74	m[805]=8245.73
above error
== DEUBG == ref[806]=8186.77	m[806]=8186.76
== DEUBG == ref[807]=8234.98	m[807]=8234.98
== DEUBG == ref[808]=8218.99	m[808]=8218.96
above error
== DEUBG == ref[809]=8186.18	m[809]=8186.17
above error
== DEUBG == ref[810]=8116.74	m[810]=8116.75
== DEUBG == ref[811]=8178.88	m[811]=8178.88
== DEUBG == ref[812]=8191.05	m[812]=8191.05
== DEUBG == ref[813]=8165.93	m[813]=8165.94
== DEUBG == ref[814]=8221.03	m[814]=8221.04
== DEUBG == ref[815]=8213.29	m[815]=8213.29
== DEUBG == ref[816]=8172.70	m[816]=8172.72
== DEUBG == ref[817]=8168.09	m[817]=8168.09
== DEUBG == ref[818]=8240.71	m[818]=8240.72
== DEUBG == ref[819]=8160.48	m[819]=8160.46
above error
== DEUBG == ref[820]=8191.16	m[820]=8191.15
== DEUBG == ref[821]=8301.15	m[821]=8301.17
== DEUBG == ref[822]=8255.30	m[822]=8255.28
above error
== DEUBG == ref[823]=8191.89	m[823]=8191.89
== DEUBG == ref[824]=8146.56	m[824]=8146.57
== DEUBG == ref[825]=8245.69	m[825]=8245.70
== DEUBG == ref[826]=8166.71	m[826]=8166.75
== DEUBG == ref[827]=8161.63	m[827]=8161.65
== DEUBG == ref[828]=8154.64	m[828]=8154.63
== DEUBG == ref[829]=8185.34	m[829]=8185.33
== DEUBG == ref[830]=8205.68	m[830]=8205.68
== DEUBG == ref[831]=8222.22	m[831]=8222.22
== DEUBG == ref[832]=8149.29	m[832]=8149.29
== DEUBG == ref[833]=8152.01	m[833]=8151.99
above error
== DEUBG == ref[834]=8169.17	m[834]=8169.17
== DEUBG == ref[835]=8168.11	m[835]=8168.11
== DEUBG == ref[836]=8134.23	m[836]=8134.20
above error
== DEUBG == ref[837]=8299.76	m[837]=8299.73
above error
== DEUBG == ref[838]=8210.84	m[838]=8210.87
== DEUBG == ref[839]=8247.97	m[839]=8248.00
== DEUBG == ref[840]=8210.49	m[840]=8210.49
== DEUBG == ref[841]=8229.35	m[841]=8229.36
== DEUBG == ref[842]=8206.97	m[842]=8206.97
== DEUBG == ref[843]=8202.98	m[843]=8202.98
== DEUBG == ref[844]=8160.45	m[844]=8160.48
== DEUBG == ref[845]=8171.44	m[845]=8171.44
== DEUBG == ref[846]=8168.24	m[846]=8168.25
== DEUBG == ref[847]=8172.04	m[847]=8172.04
== DEUBG == ref[848]=8161.06	m[848]=8161.06
== DEUBG == ref[849]=8246.36	m[849]=8246.38
== DEUBG == ref[850]=8268.38	m[850]=8268.37
above error
== DEUBG == ref[851]=8176.22	m[851]=8176.22
== DEUBG == ref[852]=8192.03	m[852]=8192.01
above error
== DEUBG == ref[853]=8175.89	m[853]=8175.90
== DEUBG == ref[854]=8191.73	m[854]=8191.75
== DEUBG == ref[855]=8192.75	m[855]=8192.74
above error
== DEUBG == ref[856]=8172.87	m[856]=8172.86
== DEUBG == ref[857]=8219.13	m[857]=8219.13
== DEUBG == ref[858]=8186.07	m[858]=8186.07
== DEUBG == ref[859]=8194.53	m[859]=8194.50
above error
== DEUBG == ref[860]=8220.87	m[860]=8220.88
== DEUBG == ref[861]=8138.65	m[861]=8138.66
== DEUBG == ref[862]=8194.06	m[862]=8194.04
above error
== DEUBG == ref[863]=8159.69	m[863]=8159.66
above error
== DEUBG == ref[864]=8193.82	m[864]=8193.81
== DEUBG == ref[865]=8238.43	m[865]=8238.43
== DEUBG == ref[866]=8182.43	m[866]=8182.44
== DEUBG == ref[867]=8190.91	m[867]=8190.93
== DEUBG == ref[868]=8210.97	m[868]=8210.96
above error
== DEUBG == ref[869]=8235.76	m[869]=8235.75
== DEUBG == ref[870]=8227.45	m[870]=8227.42
above error
== DEUBG == ref[871]=8141.79	m[871]=8141.81
== DEUBG == ref[872]=8171.54	m[872]=8171.55
== DEUBG == ref[873]=8166.98	m[873]=8166.97
== DEUBG == ref[874]=8200.27	m[874]=8200.27
== DEUBG == ref[875]=8167.49	m[875]=8167.50
== DEUBG == ref[876]=8287.22	m[876]=8287.20
above error
== DEUBG == ref[877]=8188.04	m[877]=8188.04
== DEUBG == ref[878]=8239.59	m[878]=8239.58
== DEUBG == ref[879]=8194.48	m[879]=8194.48
== DEUBG == ref[880]=8150.01	m[880]=8150.03
== DEUBG == ref[881]=8176.02	m[881]=8176.01
== DEUBG == ref[882]=8256.58	m[882]=8256.57
above error
== DEUBG == ref[883]=8132.67	m[883]=8132.68
== DEUBG == ref[884]=8203.74	m[884]=8203.75
== DEUBG == ref[885]=8205.45	m[885]=8205.44
== DEUBG == ref[886]=8193.72	m[886]=8193.73
== DEUBG == ref[887]=8226.76	m[887]=8226.75
above error
== DEUBG == ref[888]=8201.29	m[888]=8201.31
== DEUBG == ref[889]=8230.18	m[889]=8230.17
== DEUBG == ref[890]=8199.17	m[890]=8199.17
== DEUBG == ref[891]=8185.84	m[891]=8185.84
== DEUBG == ref[892]=8219.57	m[892]=8219.54
above error
== DEUBG == ref[893]=8250.47	m[893]=8250.45
above error
== DEUBG == ref[894]=8145.10	m[894]=8145.09
above error
== DEUBG == ref[895]=8188.60	m[895]=8188.60
== DEUBG == ref[896]=8194.72	m[896]=8194.71
above error
== DEUBG == ref[897]=8171.25	m[897]=8171.30
== DEUBG == ref[898]=8233.11	m[898]=8233.10
== DEUBG == ref[899]=8187.00	m[899]=8186.99
== DEUBG == ref[900]=8226.10	m[900]=8226.11
== DEUBG == ref[901]=8171.44	m[901]=8171.43
above error
== DEUBG == ref[902]=8146.82	m[902]=8146.82
== DEUBG == ref[903]=8165.60	m[903]=8165.61
== DEUBG == ref[904]=8151.75	m[904]=8151.74
above error
== DEUBG == ref[905]=8173.23	m[905]=8173.25
== DEUBG == ref[906]=8194.24	m[906]=8194.22
above error
== DEUBG == ref[907]=8162.55	m[907]=8162.56
== DEUBG == ref[908]=8152.09	m[908]=8152.10
== DEUBG == ref[909]=8222.40	m[909]=8222.40
== DEUBG == ref[910]=8206.54	m[910]=8206.53
== DEUBG == ref[911]=8213.42	m[911]=8213.42
== DEUBG == ref[912]=8247.86	m[912]=8247.86
== DEUBG == ref[913]=8167.95	m[913]=8167.96
== DEUBG == ref[914]=8226.89	m[914]=8226.89
== DEUBG == ref[915]=8262.47	m[915]=8262.50
== DEUBG == ref[916]=8216.58	m[916]=8216.56
above error
== DEUBG == ref[917]=8220.31	m[917]=8220.32
== DEUBG == ref[918]=8179.79	m[918]=8179.82
== DEUBG == ref[919]=8207.48	m[919]=8207.47
== DEUBG == ref[920]=8195.72	m[920]=8195.71
above error
== DEUBG == ref[921]=8188.56	m[921]=8188.60
== DEUBG == ref[922]=8185.65	m[922]=8185.64
above error
== DEUBG == ref[923]=8192.70	m[923]=8192.69
above error
== DEUBG == ref[924]=8160.25	m[924]=8160.23
above error
== DEUBG == ref[925]=8159.80	m[925]=8159.79
== DEUBG == ref[926]=8202.52	m[926]=8202.54
== DEUBG == ref[927]=8219.99	m[927]=8220.01
== DEUBG == ref[928]=8166.86	m[928]=8166.85
== DEUBG == ref[929]=8184.30	m[929]=8184.30
== DEUBG == ref[930]=8248.20	m[930]=8248.20
== DEUBG == ref[931]=8192.43	m[931]=8192.42
above error
== DEUBG == ref[932]=8170.76	m[932]=8170.76
== DEUBG == ref[933]=8144.45	m[933]=8144.44
== DEUBG == ref[934]=8195.70	m[934]=8195.71
== DEUBG == ref[935]=8194.12	m[935]=8194.12
== DEUBG == ref[936]=8204.50	m[936]=8204.50
== DEUBG == ref[937]=8130.25	m[937]=8130.26
== DEUBG == ref[938]=8200.86	m[938]=8200.86
== DEUBG == ref[939]=8166.24	m[939]=8166.23
== DEUBG == ref[940]=8197.13	m[940]=8197.13
== DEUBG == ref[941]=8183.50	m[941]=8183.52
== DEUBG == ref[942]=8271.23	m[942]=8271.22
above error
== DEUBG == ref[943]=8238.87	m[943]=8238.87
== DEUBG == ref[944]=8221.16	m[944]=8221.17
== DEUBG == ref[945]=8188.95	m[945]=8188.95
== DEUBG == ref[946]=8226.63	m[946]=8226.64
== DEUBG == ref[947]=8255.36	m[947]=8255.37
== DEUBG == ref[948]=8201.09	m[948]=8201.06
above error
== DEUBG == ref[949]=8221.41	m[949]=8221.41
== DEUBG == ref[950]=8211.54	m[950]=8211.53
above error
== DEUBG == ref[951]=8185.17	m[951]=8185.16
== DEUBG == ref[952]=8173.82	m[952]=8173.84
== DEUBG == ref[953]=8232.60	m[953]=8232.62
== DEUBG == ref[954]=8184.98	m[954]=8184.99
== DEUBG == ref[955]=8220.29	m[955]=8220.30
== DEUBG == ref[956]=8151.59	m[956]=8151.59
== DEUBG == ref[957]=8154.76	m[957]=8154.76
== DEUBG == ref[958]=8191.29	m[958]=8191.26
above error
== DEUBG == ref[959]=8182.88	m[959]=8182.87
== DEUBG == ref[960]=8194.40	m[960]=8194.43
== DEUBG == ref[961]=8135.69	m[961]=8135.70
== DEUBG == ref[962]=8233.38	m[962]=8233.37
above error
== DEUBG == ref[963]=8217.82	m[963]=8217.83
== DEUBG == ref[964]=8214.95	m[964]=8214.96
== DEUBG == ref[965]=8199.58	m[965]=8199.57
== DEUBG == ref[966]=8220.82	m[966]=8220.82
== DEUBG == ref[967]=8150.46	m[967]=8150.47
== DEUBG == ref[968]=8134.56	m[968]=8134.57
== DEUBG == ref[969]=8194.63	m[969]=8194.64
== DEUBG == ref[970]=8152.05	m[970]=8152.05
== DEUBG == ref[971]=8187.80	m[971]=8187.82
== DEUBG == ref[972]=8198.27	m[972]=8198.26
== DEUBG == ref[973]=8170.20	m[973]=8170.22
== DEUBG == ref[974]=8200.96	m[974]=8200.95
== DEUBG == ref[975]=8125.22	m[975]=8125.20
above error
== DEUBG == ref[976]=8177.17	m[976]=8177.16
above error
== DEUBG == ref[977]=8207.91	m[977]=8207.90
above error
== DEUBG == ref[978]=8184.55	m[978]=8184.53
above error
== DEUBG == ref[979]=8203.31	m[979]=8203.32
== DEUBG == ref[980]=8262.55	m[980]=8262.54
== DEUBG == ref[981]=8220.34	m[981]=8220.34
== DEUBG == ref[982]=8240.06	m[982]=8240.07
== DEUBG == ref[983]=8219.02	m[983]=8219.03
== DEUBG == ref[984]=8243.74	m[984]=8243.75
== DEUBG == ref[985]=8224.19	m[985]=8224.22
== DEUBG == ref[986]=8198.51	m[986]=8198.51
== DEUBG == ref[987]=8196.66	m[987]=8196.67
== DEUBG == ref[988]=8218.49	m[988]=8218.48
above error
== DEUBG == ref[989]=8195.03	m[989]=8195.04
== DEUBG == ref[990]=8203.76	m[990]=8203.78
== DEUBG == ref[991]=8184.42	m[991]=8184.42
== DEUBG == ref[992]=8186.26	m[992]=8186.26
== DEUBG == ref[993]=8203.58	m[993]=8203.60
== DEUBG == ref[994]=8236.04	m[994]=8236.04
== DEUBG == ref[995]=8180.31	m[995]=8180.29
above error
== DEUBG == ref[996]=8154.69	m[996]=8154.70
== DEUBG == ref[997]=8179.29	m[997]=8179.30
== DEUBG == ref[998]=8119.26	m[998]=8119.27
== DEUBG == ref[999]=8173.51	m[999]=8173.52
== DEUBG == ref[1000]=8260.99	m[1000]=8260.99
== DEUBG == ref[1001]=8165.50	m[1001]=8165.51
== DEUBG == ref[1002]=8191.65	m[1002]=8191.66
== DEUBG == ref[1003]=8149.51	m[1003]=8149.51
== DEUBG == ref[1004]=8127.25	m[1004]=8127.23
above error
== DEUBG == ref[1005]=8285.65	m[1005]=8285.67
== DEUBG == ref[1006]=8189.22	m[1006]=8189.23
== DEUBG == ref[1007]=8169.44	m[1007]=8169.41
above error
== DEUBG == ref[1008]=8230.18	m[1008]=8230.19
== DEUBG == ref[1009]=8116.76	m[1009]=8116.75
== DEUBG == ref[1010]=8157.89	m[1010]=8157.88
== DEUBG == ref[1011]=8165.85	m[1011]=8165.85
== DEUBG == ref[1012]=8153.83	m[1012]=8153.83
== DEUBG == ref[1013]=8186.07	m[1013]=8186.07
== DEUBG == ref[1014]=8172.48	m[1014]=8172.48
== DEUBG == ref[1015]=8302.98	m[1015]=8302.98
== DEUBG == ref[1016]=8190.36	m[1016]=8190.37
== DEUBG == ref[1017]=8193.06	m[1017]=8193.05
== DEUBG == ref[1018]=8237.86	m[1018]=8237.84
above error
== DEUBG == ref[1019]=8202.98	m[1019]=8202.99
== DEUBG == ref[1020]=8166.22	m[1020]=8166.21
above error
== DEUBG == ref[1021]=8175.92	m[1021]=8175.91
== DEUBG == ref[1022]=8204.88	m[1022]=8204.87
== DEUBG == ref[1023]=8192.22	m[1023]=8192.21
above error
WA.
elapsed time per kernel: 0.000078 s, bandwidth : 855.66 GB/s. 
